This is pdfTeX, Version 3.141592653-2.6-1.40.27 (MiKTeX 25.4) (preloaded format=latex 2026.3.11)  1 APR 2026 14:48
entering extended mode
 restricted \write18 enabled.
 %&-line parsing enabled.
**\scrollmode

*
(Please type a command or say `\end')
*\documentclass[12pt]{article}

*\let\paperwidthsave\paperwidth\let\paperwidth\undefined
(C:\Users\sewak\AppData\Local\Programs\MiKTeX\tex/latex/base\article.cls
Document Class: article 2025/01/22 v1.4n Standard LaTeX document class
(C:\Users\sewak\AppData\Local\Programs\MiKTeX\tex/latex/base\size12.clo
File: size12.clo 2025/01/22 v1.4n Standard LaTeX file (size option)
)
\c@part=\count275
\c@section=\count276
\c@subsection=\count277
\c@subsubsection=\count278
\c@paragraph=\count279
\c@subparagraph=\count280
\c@figure=\count281
\c@table=\count282
\abovecaptionskip=\skip49
\belowcaptionskip=\skip50
\bibindent=\dimen148
)
*\usepackage{graphicx}

*\let\paperwidth\paperwidthsave
(C:\Users\sewak\AppData\Local\Programs\MiKTeX\tex/latex/graphics\graphicx.sty
Package: graphicx 2024/12/31 v1.2e Enhanced LaTeX Graphics (DPC,SPQR)

(C:\Users\sewak\AppData\Local\Programs\MiKTeX\tex/latex/graphics\keyval.sty
Package: keyval 2022/05/29 v1.15 key=value parser (DPC)
\KV@toks@=\toks17
)
(C:\Users\sewak\AppData\Local\Programs\MiKTeX\tex/latex/graphics\graphics.sty
Package: graphics 2024/08/06 v1.4g Standard LaTeX Graphics (DPC,SPQR)

(C:\Users\sewak\AppData\Local\Programs\MiKTeX\tex/latex/graphics\trig.sty
Package: trig 2023/12/02 v1.11 sin cos tan (DPC)
)
(C:\Users\sewak\AppData\Local\Programs\MiKTeX\tex/latex/graphics-cfg\graphics.c
fg
File: graphics.cfg 2016/06/04 v1.11 sample graphics configuration
)
Package graphics Info: Driver file: dvips.def on input line 106.

(C:\Users\sewak\AppData\Local\Programs\MiKTeX\tex/latex/graphics-def\dvips.def
File: dvips.def 2022/09/22 v3.1e Graphics/color driver for dvips
))
\Gin@req@height=\dimen149
\Gin@req@width=\dimen150
)
*\usepackage{amsmath}

*
(C:\Users\sewak\AppData\Local\Programs\MiKTeX\tex/latex/amsmath\amsmath.sty
Package: amsmath 2025/07/09 v2.17z AMS math features
\@mathmargin=\skip51

For additional information on amsmath, use the `?' option.
(C:\Users\sewak\AppData\Local\Programs\MiKTeX\tex/latex/amsmath\amstext.sty
Package: amstext 2024/11/17 v2.01 AMS text

(C:\Users\sewak\AppData\Local\Programs\MiKTeX\tex/latex/amsmath\amsgen.sty
File: amsgen.sty 1999/11/30 v2.0 generic functions
\@emptytoks=\toks18
\ex@=\dimen151
))
(C:\Users\sewak\AppData\Local\Programs\MiKTeX\tex/latex/amsmath\amsbsy.sty
Package: amsbsy 1999/11/29 v1.2d Bold Symbols
\pmbraise@=\dimen152
)
(C:\Users\sewak\AppData\Local\Programs\MiKTeX\tex/latex/amsmath\amsopn.sty
Package: amsopn 2022/04/08 v2.04 operator names
)
\inf@bad=\count283
LaTeX Info: Redefining \frac on input line 233.
\uproot@=\count284
\leftroot@=\count285
LaTeX Info: Redefining \overline on input line 398.
LaTeX Info: Redefining \colon on input line 409.
\classnum@=\count286
\DOTSCASE@=\count287
LaTeX Info: Redefining \ldots on input line 495.
LaTeX Info: Redefining \dots on input line 498.
LaTeX Info: Redefining \cdots on input line 619.
\Mathstrutbox@=\box53
\strutbox@=\box54
LaTeX Info: Redefining \big on input line 721.
LaTeX Info: Redefining \Big on input line 722.
LaTeX Info: Redefining \bigg on input line 723.
LaTeX Info: Redefining \Bigg on input line 724.
\big@size=\dimen153
LaTeX Font Info:    Redeclaring font encoding OML on input line 742.
LaTeX Font Info:    Redeclaring font encoding OMS on input line 743.
\macc@depth=\count288
LaTeX Info: Redefining \bmod on input line 904.
LaTeX Info: Redefining \pmod on input line 909.
LaTeX Info: Redefining \smash on input line 939.
LaTeX Info: Redefining \relbar on input line 969.
LaTeX Info: Redefining \Relbar on input line 970.
\c@MaxMatrixCols=\count289
\dotsspace@=\muskip17
\c@parentequation=\count290
\dspbrk@lvl=\count291
\tag@help=\toks19
\row@=\count292
\column@=\count293
\maxfields@=\count294
\andhelp@=\toks20
\eqnshift@=\dimen154
\alignsep@=\dimen155
\tagshift@=\dimen156
\tagwidth@=\dimen157
\totwidth@=\dimen158
\lineht@=\dimen159
\@envbody=\toks21
\multlinegap=\skip52
\multlinetaggap=\skip53
\mathdisplay@stack=\toks22
LaTeX Info: Redefining \[ on input line 2950.
LaTeX Info: Redefining \] on input line 2951.
)
(Please type a command or say `\end')
*
(Please type a command or say `\end')
*\newbox\ASYbox
\ASYbox=\box55

*\newdimen\ASYdimen
\ASYdimen=\dimen160

*\def\ASYprefix{}

*\long\def\ASYbase#1#2{\leavevmode\setbox\ASYbox=\hbox{#1}%\ASYdimen=\ht\ASYbox
%

*\setbox\ASYbox=\hbox{#2}\lower\ASYdimen\box\ASYbox}

*\makeatletter

*\def\Ginclude@eps#1{%

* \message{<#1>}%

*  \bgroup

*  \def\@tempa{!}%

*  \dimen@\Gin@req@width

*  \dimen@ii.1bp%

*  \divide\dimen@\dimen@ii

*  \@tempdima\Gin@req@height

*  \divide\@tempdima\dimen@ii

*    \special{PSfile=#1\space

*      llx=\Gin@llx\space

*      lly=\Gin@lly\space

*      urx=\Gin@urx\space

*      ury=\Gin@ury\space

*      \ifx\Gin@scalex\@tempa\else rwi=\number\dimen@\space\fi

*      \ifx\Gin@scaley\@tempa\else rhi=\number\@tempdima\space\fi

*      \ifGin@clip clip\fi}%

*  \egroup}

*\makeatother

*\begin{document}

(C:\Users\sewak\AppData\Local\Programs\MiKTeX\tex/latex/l3backend\l3backend-dvi
ps.def
File: l3backend-dvips.def 2025-06-09 L3 backend support: dvips
\l__pdfannot_backend_content_box=\box56
\l__pdfannot_backend_model_box=\box57
\g__pdfannot_backend_int=\count295
\g__pdfannot_backend_link_int=\count296
\g__pdfannot_backend_link_sf_int=\count297
) (texput.aux)
\openout1 = `texput.aux'.

LaTeX Font Info:    Checking defaults for OML/cmm/m/it on input line 0.
LaTeX Font Info:    ... okay on input line 0.
LaTeX Font Info:    Checking defaults for OMS/cmsy/m/n on input line 0.
LaTeX Font Info:    ... okay on input line 0.
LaTeX Font Info:    Checking defaults for OT1/cmr/m/n on input line 0.
LaTeX Font Info:    ... okay on input line 0.
LaTeX Font Info:    Checking defaults for T1/cmr/m/n on input line 0.
LaTeX Font Info:    ... okay on input line 0.
LaTeX Font Info:    Checking defaults for TS1/cmr/m/n on input line 0.
LaTeX Font Info:    ... okay on input line 0.
LaTeX Font Info:    Checking defaults for OMX/cmex/m/n on input line 0.
LaTeX Font Info:    ... okay on input line 0.
LaTeX Font Info:    Checking defaults for U/cmr/m/n on input line 0.
LaTeX Font Info:    ... okay on input line 0.

*\makeatletter%

*\let\ASYencoding\f@encoding%

*\let\ASYfamily\f@family%

*\let\ASYseries\f@series%

*\let\ASYshape\f@shape%

*\makeatother%

*\fontsize{11}{13.2}\selectfont%

*
(Please type a command or say `\end')
*\usefont{\ASYencoding}{\ASYfamily}{\ASYseries}{\ASYshape}%

*
(Please type a command or say `\end')
*\setbox\ASYbox=\hbox{$\sigma$}
LaTeX Font Info:    Calculating math sizes for size <11> on input line 0.

LaTeX Font Warning: Font shape `OT1/cmr/m/n' in size <5.5> not available
(Font)              size <5> substituted on input line 0.


LaTeX Font Warning: Font shape `OML/cmm/m/it' in size <5.5> not available
(Font)              size <5> substituted on input line 0.


LaTeX Font Warning: Font shape `OMS/cmsy/m/n' in size <5.5> not available
(Font)              size <5> substituted on input line 0.


*
(Please type a command or say `\end')
*\immediate\write16{>dim(\the\wd\ASYbox)dim}
>dim(6.64984pt)dim

*\immediate\write16{>dim(\the\ht\ASYbox)dim}
>dim(4.71457pt)dim

*\immediate\write16{>dim(\the\dp\ASYbox)dim}
>dim(0.0pt)dim

*\fontsize{11}{13.2}\selectfont%

*
(Please type a command or say `\end')
*\usefont{\ASYencoding}{\ASYfamily}{\ASYseries}{\ASYshape}%

*
(Please type a command or say `\end')
*\setbox\ASYbox=\hbox{$j\omega$}

*
(Please type a command or say `\end')
*\immediate\write16{>dim(\the\wd\ASYbox)dim}
>dim(12.34482pt)dim

*\immediate\write16{>dim(\the\ht\ASYbox)dim}
>dim(7.22179pt)dim

*\immediate\write16{>dim(\the\dp\ASYbox)dim}
>dim(2.12917pt)dim

*\fontsize{7}{8.4}\selectfont%

*
(Please type a command or say `\end')
*\usefont{\ASYencoding}{\ASYfamily}{\ASYseries}{\ASYshape}%

*
(Please type a command or say `\end')
*\setbox\ASYbox=\hbox{$-3$}

*
(Please type a command or say `\end')
*\immediate\write16{>dim(\the\wd\ASYbox)dim}
>dim(10.23615pt)dim

*\immediate\write16{>dim(\the\ht\ASYbox)dim}
>dim(4.51111pt)dim

*\immediate\write16{>dim(\the\dp\ASYbox)dim}
>dim(0.83334pt)dim

*\fontsize{7}{8.4}\selectfont%

*
(Please type a command or say `\end')
*\usefont{\ASYencoding}{\ASYfamily}{\ASYseries}{\ASYshape}%

*
(Please type a command or say `\end')
*\setbox\ASYbox=\hbox{$-2$}

*
(Please type a command or say `\end')
*\immediate\write16{>dim(\the\wd\ASYbox)dim}
>dim(10.23615pt)dim

*\immediate\write16{>dim(\the\ht\ASYbox)dim}
>dim(4.51111pt)dim

*\immediate\write16{>dim(\the\dp\ASYbox)dim}
>dim(0.83334pt)dim

*\fontsize{7}{8.4}\selectfont%

*
(Please type a command or say `\end')
*\usefont{\ASYencoding}{\ASYfamily}{\ASYseries}{\ASYshape}%

*
(Please type a command or say `\end')
*\setbox\ASYbox=\hbox{$-1$}

*
(Please type a command or say `\end')
*\immediate\write16{>dim(\the\wd\ASYbox)dim}
>dim(10.23615pt)dim

*\immediate\write16{>dim(\the\ht\ASYbox)dim}
>dim(4.51111pt)dim

*\immediate\write16{>dim(\the\dp\ASYbox)dim}
>dim(0.83334pt)dim

*\fontsize{7}{8.4}\selectfont%

*
(Please type a command or say `\end')
*\usefont{\ASYencoding}{\ASYfamily}{\ASYseries}{\ASYshape}%

*
(Please type a command or say `\end')
*\setbox\ASYbox=\hbox{$1$}

*
(Please type a command or say `\end')
*\immediate\write16{>dim(\the\wd\ASYbox)dim}
>dim(3.98613pt)dim

*\immediate\write16{>dim(\the\ht\ASYbox)dim}
>dim(4.51111pt)dim

*\immediate\write16{>dim(\the\dp\ASYbox)dim}
>dim(0.0pt)dim

*\fontsize{7}{8.4}\selectfont%

*
(Please type a command or say `\end')
*\usefont{\ASYencoding}{\ASYfamily}{\ASYseries}{\ASYshape}%

*
(Please type a command or say `\end')
*\setbox\ASYbox=\hbox{$2$}

*
(Please type a command or say `\end')
*\immediate\write16{>dim(\the\wd\ASYbox)dim}
>dim(3.98613pt)dim

*\immediate\write16{>dim(\the\ht\ASYbox)dim}
>dim(4.51111pt)dim

*\immediate\write16{>dim(\the\dp\ASYbox)dim}
>dim(0.0pt)dim

*\fontsize{7}{8.4}\selectfont%

*
(Please type a command or say `\end')
*\usefont{\ASYencoding}{\ASYfamily}{\ASYseries}{\ASYshape}%

*
(Please type a command or say `\end')
*\setbox\ASYbox=\hbox{$-3j$}

*
(Please type a command or say `\end')
*\immediate\write16{>dim(\the\wd\ASYbox)dim}
>dim(13.9497pt)dim

*\immediate\write16{>dim(\the\ht\ASYbox)dim}
>dim(4.63193pt)dim

*\immediate\write16{>dim(\the\dp\ASYbox)dim}
>dim(1.3611pt)dim

*\fontsize{7}{8.4}\selectfont%

*
(Please type a command or say `\end')
*\usefont{\ASYencoding}{\ASYfamily}{\ASYseries}{\ASYshape}%

*
(Please type a command or say `\end')
*\setbox\ASYbox=\hbox{$-2j$}

*
(Please type a command or say `\end')
*\immediate\write16{>dim(\the\wd\ASYbox)dim}
>dim(13.9497pt)dim

*\immediate\write16{>dim(\the\ht\ASYbox)dim}
>dim(4.63193pt)dim

*\immediate\write16{>dim(\the\dp\ASYbox)dim}
>dim(1.3611pt)dim

*\fontsize{7}{8.4}\selectfont%

*
(Please type a command or say `\end')
*\usefont{\ASYencoding}{\ASYfamily}{\ASYseries}{\ASYshape}%

*
(Please type a command or say `\end')
*\setbox\ASYbox=\hbox{$-1j$}

*
(Please type a command or say `\end')
*\immediate\write16{>dim(\the\wd\ASYbox)dim}
>dim(13.9497pt)dim

*\immediate\write16{>dim(\the\ht\ASYbox)dim}
>dim(4.63193pt)dim

*\immediate\write16{>dim(\the\dp\ASYbox)dim}
>dim(1.3611pt)dim

*\fontsize{7}{8.4}\selectfont%

*
(Please type a command or say `\end')
*\usefont{\ASYencoding}{\ASYfamily}{\ASYseries}{\ASYshape}%

*
(Please type a command or say `\end')
*\setbox\ASYbox=\hbox{$1j$}

*
(Please type a command or say `\end')
*\immediate\write16{>dim(\the\wd\ASYbox)dim}
>dim(7.69969pt)dim

*\immediate\write16{>dim(\the\ht\ASYbox)dim}
>dim(4.63193pt)dim

*\immediate\write16{>dim(\the\dp\ASYbox)dim}
>dim(1.3611pt)dim

*\fontsize{7}{8.4}\selectfont%

*
(Please type a command or say `\end')
*\usefont{\ASYencoding}{\ASYfamily}{\ASYseries}{\ASYshape}%

*
(Please type a command or say `\end')
*\setbox\ASYbox=\hbox{$2j$}

*
(Please type a command or say `\end')
*\immediate\write16{>dim(\the\wd\ASYbox)dim}
>dim(7.69969pt)dim

*\immediate\write16{>dim(\the\ht\ASYbox)dim}
>dim(4.63193pt)dim

*\immediate\write16{>dim(\the\dp\ASYbox)dim}
>dim(1.3611pt)dim

*\fontsize{7}{8.4}\selectfont%

*
(Please type a command or say `\end')
*\usefont{\ASYencoding}{\ASYfamily}{\ASYseries}{\ASYshape}%

*
(Please type a command or say `\end')
*\setbox\ASYbox=\hbox{$3j$}

*
(Please type a command or say `\end')
*\immediate\write16{>dim(\the\wd\ASYbox)dim}
>dim(7.69969pt)dim

*\immediate\write16{>dim(\the\ht\ASYbox)dim}
>dim(4.63193pt)dim

*\immediate\write16{>dim(\the\dp\ASYbox)dim}
>dim(1.3611pt)dim

*\fontsize{7}{8.4}\selectfont%

*
(Please type a command or say `\end')
*\usefont{\ASYencoding}{\ASYfamily}{\ASYseries}{\ASYshape}%

*
(Please type a command or say `\end')
*\setbox\ASYbox=\hbox{$0$}

*
(Please type a command or say `\end')
*\immediate\write16{>dim(\the\wd\ASYbox)dim}
>dim(3.98613pt)dim

*\immediate\write16{>dim(\the\ht\ASYbox)dim}
>dim(4.51111pt)dim

*\immediate\write16{>dim(\the\dp\ASYbox)dim}
>dim(0.0pt)dim

*\fontsize{8}{9.6}\selectfont%

*
(Please type a command or say `\end')
*\usefont{\ASYencoding}{\ASYfamily}{\ASYseries}{\ASYshape}%

*
(Please type a command or say `\end')
*\setbox\ASYbox=\hbox{$j\omega$-cross: $K=0.750$, $\omega={\pm}1.254$}

*
(Please type a command or say `\end')
*\immediate\write16{>dim(\the\wd\ASYbox)dim}
>dim(122.99055pt)dim

*\immediate\write16{>dim(\the\ht\ASYbox)dim}
>dim(5.46666pt)dim

*\immediate\write16{>dim(\the\dp\ASYbox)dim}
>dim(1.55556pt)dim

*\fontsize{8.5}{10.2}\selectfont%

LaTeX Font Warning: Font shape `OT1/cmr/m/n' in size <8.5> not available
(Font)              size <8> substituted on input line 0.


*
(Please type a command or say `\end')
*\usefont{\ASYencoding}{\ASYfamily}{\ASYseries}{\ASYshape}%

*
(Please type a command or say `\end')
*\setbox\ASYbox=\hbox{$s=-2.0$}
LaTeX Font Info:    Calculating math sizes for size <8.5> on input line 0.

LaTeX Font Warning: Font shape `OT1/cmr/m/n' in size <4.25> not available
(Font)              size <5> substituted on input line 0.


LaTeX Font Warning: Font shape `OML/cmm/m/it' in size <8.5> not available
(Font)              size <8> substituted on input line 0.


LaTeX Font Warning: Font shape `OML/cmm/m/it' in size <4.25> not available
(Font)              size <5> substituted on input line 0.


LaTeX Font Warning: Font shape `OMS/cmsy/m/n' in size <8.5> not available
(Font)              size <8> substituted on input line 0.


LaTeX Font Warning: Font shape `OMS/cmsy/m/n' in size <4.25> not available
(Font)              size <5> substituted on input line 0.


LaTeX Font Warning: Font shape `OMX/cmex/m/n' in size <8.5> not available
(Font)              size <8> substituted on input line 0.


*
(Please type a command or say `\end')
*\immediate\write16{>dim(\the\wd\ASYbox)dim}
>dim(32.73657pt)dim

*\immediate\write16{>dim(\the\ht\ASYbox)dim}
>dim(5.15556pt)dim

*\immediate\write16{>dim(\the\dp\ASYbox)dim}
>dim(0.83337pt)dim

*\fontsize{8.5}{10.2}\selectfont%

*
(Please type a command or say `\end')
*\usefont{\ASYencoding}{\ASYfamily}{\ASYseries}{\ASYshape}%

*
(Please type a command or say `\end')
*\setbox\ASYbox=\hbox{$s=0.5$}

*
(Please type a command or say `\end')
*\immediate\write16{>dim(\the\wd\ASYbox)dim}
>dim(26.12537pt)dim

*\immediate\write16{>dim(\the\ht\ASYbox)dim}
>dim(5.15556pt)dim

*\immediate\write16{>dim(\the\dp\ASYbox)dim}
>dim(0.0pt)dim

*\fontsize{8.5}{10.2}\selectfont%

*
(Please type a command or say `\end')
*\usefont{\ASYencoding}{\ASYfamily}{\ASYseries}{\ASYshape}%

*
(Please type a command or say `\end')
*\setbox\ASYbox=\hbox{$s=1+2j$}

*
(Please type a command or say `\end')
*\immediate\write16{>dim(\the\wd\ASYbox)dim}
>dim(38.05185pt)dim

*\immediate\write16{>dim(\the\ht\ASYbox)dim}
>dim(5.2887pt)dim

*\immediate\write16{>dim(\the\dp\ASYbox)dim}
>dim(1.55556pt)dim

*\fontsize{8.5}{10.2}\selectfont%

*
(Please type a command or say `\end')
*\usefont{\ASYencoding}{\ASYfamily}{\ASYseries}{\ASYshape}%

*
(Please type a command or say `\end')
*\setbox\ASYbox=\hbox{$s=1-2j$}

*
(Please type a command or say `\end')
*\immediate\write16{>dim(\the\wd\ASYbox)dim}
>dim(38.05185pt)dim

*\immediate\write16{>dim(\the\ht\ASYbox)dim}
>dim(5.2887pt)dim

*\immediate\write16{>dim(\the\dp\ASYbox)dim}
>dim(1.55556pt)dim

*\fontsize{8}{9.6}\selectfont%

*
(Please type a command or say `\end')
*\usefont{\ASYencoding}{\ASYfamily}{\ASYseries}{\ASYshape}%

*
(Please type a command or say `\end')
*\setbox\ASYbox=\hbox{Breakaway: $s\approx-0.4094$, $K=0.2416$}

*
(Please type a command or say `\end')
*\immediate\write16{>dim(\the\wd\ASYbox)dim}
>dim(139.2867pt)dim

*\immediate\write16{>dim(\the\ht\ASYbox)dim}
>dim(5.55556pt)dim

*\immediate\write16{>dim(\the\dp\ASYbox)dim}
>dim(1.55556pt)dim

*\fontsize{8}{9.6}\selectfont%

*
(Please type a command or say `\end')
*\usefont{\ASYencoding}{\ASYfamily}{\ASYseries}{\ASYshape}%

*
(Please type a command or say `\end')
*\setbox\ASYbox=\hbox{Root locus branch}

*
(Please type a command or say `\end')
*\immediate\write16{>dim(\the\wd\ASYbox)dim}
>dim(67.93292pt)dim

*\immediate\write16{>dim(\the\ht\ASYbox)dim}
>dim(5.55556pt)dim

*\immediate\write16{>dim(\the\dp\ASYbox)dim}
>dim(0.0pt)dim

*\fontsize{8}{9.6}\selectfont%

*
(Please type a command or say `\end')
*\usefont{\ASYencoding}{\ASYfamily}{\ASYseries}{\ASYshape}%

*
(Please type a command or say `\end')
*\setbox\ASYbox=\hbox{Open-loop pole}

*
(Please type a command or say `\end')
*\immediate\write16{>dim(\the\wd\ASYbox)dim}
>dim(56.9036pt)dim

*\immediate\write16{>dim(\the\ht\ASYbox)dim}
>dim(5.55556pt)dim

*\immediate\write16{>dim(\the\dp\ASYbox)dim}
>dim(1.55556pt)dim

*\fontsize{8}{9.6}\selectfont%

*
(Please type a command or say `\end')
*\usefont{\ASYencoding}{\ASYfamily}{\ASYseries}{\ASYshape}%

*
(Please type a command or say `\end')
*\setbox\ASYbox=\hbox{Open-loop zero}

*
(Please type a command or say `\end')
*\immediate\write16{>dim(\the\wd\ASYbox)dim}
>dim(56.67442pt)dim

*\immediate\write16{>dim(\the\ht\ASYbox)dim}
>dim(5.55556pt)dim

*\immediate\write16{>dim(\the\dp\ASYbox)dim}
>dim(1.55556pt)dim

*\fontsize{11}{13.2}\selectfont%

*
(Please type a command or say `\end')
*\usefont{\ASYencoding}{\ASYfamily}{\ASYseries}{\ASYshape}%

*
(Please type a command or say `\end')
*\setbox\ASYbox=\hbox{Root Locus $\displaystyle G(s)H(s)=\dfrac{k(s^2-2s+5)}{s^
2+1.5s-1}$}

*
(Please type a command or say `\end')
*\immediate\write16{>dim(\the\wd\ASYbox)dim}
>dim(188.95944pt)dim

*\immediate\write16{>dim(\the\ht\ASYbox)dim}
>dim(16.53697pt)dim

*\immediate\write16{>dim(\the\dp\ASYbox)dim}
>dim(8.42366pt)dim

*\fontsize{8.5}{10.2}\selectfont%

*
(Please type a command or say `\end')
*\usefont{\ASYencoding}{\ASYfamily}{\ASYseries}{\ASYshape}%

*
(Please type a command or say `\end')
*\setbox\ASYbox=\hbox{Poles: $s=-2,\,0.5$\quad Zeros: $s=1\pm2j$\quad $(n=m=2$,
 no asymptotes$)$}

*
(Please type a command or say `\end')
*\immediate\write16{>dim(\the\wd\ASYbox)dim}
>dim(253.77669pt)dim

*\immediate\write16{>dim(\the\ht\ASYbox)dim}
>dim(6.0pt)dim

*\immediate\write16{>dim(\the\dp\ASYbox)dim}
>dim(2.0pt)dim

*\fontsize{11}{13.2}\selectfont%

*
(Please type a command or say `\end')
*\usefont{\ASYencoding}{\ASYfamily}{\ASYseries}{\ASYshape}%

*
(Please type a command or say `\end')
*\setbox\ASYbox=\hbox{$\sigma$}

*
(Please type a command or say `\end')
*\immediate\write16{>dim(\the\wd\ASYbox)dim}
>dim(6.64984pt)dim

*\immediate\write16{>dim(\the\ht\ASYbox)dim}
>dim(4.71457pt)dim

*\immediate\write16{>dim(\the\dp\ASYbox)dim}
>dim(0.0pt)dim

*\setbox\ASYbox=\hbox{$j\omega$}

*
(Please type a command or say `\end')
*\immediate\write16{>dim(\the\wd\ASYbox)dim}
>dim(12.34482pt)dim

*\immediate\write16{>dim(\the\ht\ASYbox)dim}
>dim(7.22179pt)dim

*\immediate\write16{>dim(\the\dp\ASYbox)dim}
>dim(2.12917pt)dim

*\fontsize{7}{8.4}\selectfont%

*
(Please type a command or say `\end')
*\setbox\ASYbox=\hbox{$-3$}

*
(Please type a command or say `\end')
*\immediate\write16{>dim(\the\wd\ASYbox)dim}
>dim(10.23615pt)dim

*\immediate\write16{>dim(\the\ht\ASYbox)dim}
>dim(4.51111pt)dim

*\immediate\write16{>dim(\the\dp\ASYbox)dim}
>dim(0.83334pt)dim

*\setbox\ASYbox=\hbox{$-2$}

*
(Please type a command or say `\end')
*\immediate\write16{>dim(\the\wd\ASYbox)dim}
>dim(10.23615pt)dim

*\immediate\write16{>dim(\the\ht\ASYbox)dim}
>dim(4.51111pt)dim

*\immediate\write16{>dim(\the\dp\ASYbox)dim}
>dim(0.83334pt)dim

*\setbox\ASYbox=\hbox{$-1$}

*
(Please type a command or say `\end')
*\immediate\write16{>dim(\the\wd\ASYbox)dim}
>dim(10.23615pt)dim

*\immediate\write16{>dim(\the\ht\ASYbox)dim}
>dim(4.51111pt)dim

*\immediate\write16{>dim(\the\dp\ASYbox)dim}
>dim(0.83334pt)dim

*\setbox\ASYbox=\hbox{$1$}

*
(Please type a command or say `\end')
*\immediate\write16{>dim(\the\wd\ASYbox)dim}
>dim(3.98613pt)dim

*\immediate\write16{>dim(\the\ht\ASYbox)dim}
>dim(4.51111pt)dim

*\immediate\write16{>dim(\the\dp\ASYbox)dim}
>dim(0.0pt)dim

*\setbox\ASYbox=\hbox{$2$}

*
(Please type a command or say `\end')
*\immediate\write16{>dim(\the\wd\ASYbox)dim}
>dim(3.98613pt)dim

*\immediate\write16{>dim(\the\ht\ASYbox)dim}
>dim(4.51111pt)dim

*\immediate\write16{>dim(\the\dp\ASYbox)dim}
>dim(0.0pt)dim

*\setbox\ASYbox=\hbox{$-3j$}

*
(Please type a command or say `\end')
*\immediate\write16{>dim(\the\wd\ASYbox)dim}
>dim(13.9497pt)dim

*\immediate\write16{>dim(\the\ht\ASYbox)dim}
>dim(4.63193pt)dim

*\immediate\write16{>dim(\the\dp\ASYbox)dim}
>dim(1.3611pt)dim

*\setbox\ASYbox=\hbox{$-2j$}

*
(Please type a command or say `\end')
*\immediate\write16{>dim(\the\wd\ASYbox)dim}
>dim(13.9497pt)dim

*\immediate\write16{>dim(\the\ht\ASYbox)dim}
>dim(4.63193pt)dim

*\immediate\write16{>dim(\the\dp\ASYbox)dim}
>dim(1.3611pt)dim

*\setbox\ASYbox=\hbox{$-1j$}

*
(Please type a command or say `\end')
*\immediate\write16{>dim(\the\wd\ASYbox)dim}
>dim(13.9497pt)dim

*\immediate\write16{>dim(\the\ht\ASYbox)dim}
>dim(4.63193pt)dim

*\immediate\write16{>dim(\the\dp\ASYbox)dim}
>dim(1.3611pt)dim

*\setbox\ASYbox=\hbox{$1j$}

*
(Please type a command or say `\end')
*\immediate\write16{>dim(\the\wd\ASYbox)dim}
>dim(7.69969pt)dim

*\immediate\write16{>dim(\the\ht\ASYbox)dim}
>dim(4.63193pt)dim

*\immediate\write16{>dim(\the\dp\ASYbox)dim}
>dim(1.3611pt)dim

*\setbox\ASYbox=\hbox{$2j$}

*
(Please type a command or say `\end')
*\immediate\write16{>dim(\the\wd\ASYbox)dim}
>dim(7.69969pt)dim

*\immediate\write16{>dim(\the\ht\ASYbox)dim}
>dim(4.63193pt)dim

*\immediate\write16{>dim(\the\dp\ASYbox)dim}
>dim(1.3611pt)dim

*\setbox\ASYbox=\hbox{$3j$}

*
(Please type a command or say `\end')
*\immediate\write16{>dim(\the\wd\ASYbox)dim}
>dim(7.69969pt)dim

*\immediate\write16{>dim(\the\ht\ASYbox)dim}
>dim(4.63193pt)dim

*\immediate\write16{>dim(\the\dp\ASYbox)dim}
>dim(1.3611pt)dim

*\setbox\ASYbox=\hbox{$0$}

*
(Please type a command or say `\end')
*\immediate\write16{>dim(\the\wd\ASYbox)dim}
>dim(3.98613pt)dim

*\immediate\write16{>dim(\the\ht\ASYbox)dim}
>dim(4.51111pt)dim

*\immediate\write16{>dim(\the\dp\ASYbox)dim}
>dim(0.0pt)dim

*\fontsize{8}{9.6}\selectfont%

*
(Please type a command or say `\end')
*\setbox\ASYbox=\hbox{$j\omega$-cross: $K=0.750$, $\omega={\pm}1.254$}

*
(Please type a command or say `\end')
*\immediate\write16{>dim(\the\wd\ASYbox)dim}
>dim(122.99055pt)dim

*\immediate\write16{>dim(\the\ht\ASYbox)dim}
>dim(5.46666pt)dim

*\immediate\write16{>dim(\the\dp\ASYbox)dim}
>dim(1.55556pt)dim

*\fontsize{8.5}{10.2}\selectfont%

*
(Please type a command or say `\end')
*\setbox\ASYbox=\hbox{$s=-2.0$}

*
(Please type a command or say `\end')
*\immediate\write16{>dim(\the\wd\ASYbox)dim}
>dim(32.73657pt)dim

*\immediate\write16{>dim(\the\ht\ASYbox)dim}
>dim(5.15556pt)dim

*\immediate\write16{>dim(\the\dp\ASYbox)dim}
>dim(0.83337pt)dim

*\setbox\ASYbox=\hbox{$s=0.5$}

*
(Please type a command or say `\end')
*\immediate\write16{>dim(\the\wd\ASYbox)dim}
>dim(26.12537pt)dim

*\immediate\write16{>dim(\the\ht\ASYbox)dim}
>dim(5.15556pt)dim

*\immediate\write16{>dim(\the\dp\ASYbox)dim}
>dim(0.0pt)dim

*\setbox\ASYbox=\hbox{$s=1+2j$}

*
(Please type a command or say `\end')
*\immediate\write16{>dim(\the\wd\ASYbox)dim}
>dim(38.05185pt)dim

*\immediate\write16{>dim(\the\ht\ASYbox)dim}
>dim(5.2887pt)dim

*\immediate\write16{>dim(\the\dp\ASYbox)dim}
>dim(1.55556pt)dim

*\setbox\ASYbox=\hbox{$s=1-2j$}

*
(Please type a command or say `\end')
*\immediate\write16{>dim(\the\wd\ASYbox)dim}
>dim(38.05185pt)dim

*\immediate\write16{>dim(\the\ht\ASYbox)dim}
>dim(5.2887pt)dim

*\im